f:\localcglearn\opengl\opengl_learn\opengl_learn\debug\vc142.pdb
f:\localcglearn\opengl\opengl_learn\opengl_learn\debug\vc142.idb
f:\localcglearn\opengl\opengl_learn\opengl_learn\debug\glad.obj
f:\localcglearn\opengl\opengl_learn\opengl_learn\debug\transform.obj
f:\localcglearn\opengl\opengl_learn\opengl_learn\debug\time.obj
f:\localcglearn\opengl\opengl_learn\opengl_learn\debug\texture.obj
f:\localcglearn\opengl\opengl_learn\opengl_learn\debug\skybox.obj
f:\localcglearn\opengl\opengl_learn\opengl_learn\debug\shader.obj
f:\localcglearn\opengl\opengl_learn\opengl_learn\debug\resourcemanager.obj
f:\localcglearn\opengl\opengl_learn\opengl_learn\debug\renderer.obj
f:\localcglearn\opengl\opengl_learn\opengl_learn\debug\mesh.obj
f:\localcglearn\opengl\opengl_learn\opengl_learn\debug\mathf.obj
f:\localcglearn\opengl\opengl_learn\opengl_learn\debug\material.obj
f:\localcglearn\opengl\opengl_learn\opengl_learn\debug\main.obj
f:\localcglearn\opengl\opengl_learn\opengl_learn\debug\input.obj
f:\localcglearn\opengl\opengl_learn\opengl_learn\debug\gameobject.obj
f:\localcglearn\opengl\opengl_learn\opengl_learn\debug\framebuffer.obj
f:\localcglearn\opengl\opengl_learn\opengl_learn\debug\camera.obj
f:\localcglearn\opengl\opengl_learn\debug\opengl_learn.ilk
f:\localcglearn\opengl\opengl_learn\debug\opengl_learn.exe
f:\localcglearn\opengl\opengl_learn\opengl_learn\debug\opengl_learn.tlog\cl.command.1.tlog
f:\localcglearn\opengl\opengl_learn\opengl_learn\debug\opengl_learn.tlog\cl.read.1.tlog
f:\localcglearn\opengl\opengl_learn\opengl_learn\debug\opengl_learn.tlog\cl.write.1.tlog
f:\localcglearn\opengl\opengl_learn\opengl_learn\debug\opengl_learn.tlog\link.command.1.tlog
f:\localcglearn\opengl\opengl_learn\opengl_learn\debug\opengl_learn.tlog\link.read.1.tlog
f:\localcglearn\opengl\opengl_learn\opengl_learn\debug\opengl_learn.tlog\link.write.1.tlog
